DEBUG:netbox.denormalized:Registering denormalized field <class 'circuits.models.circuits.CircuitTermination'>._site
DEBUG:netbox.denormalized:Registering denormalized field <class 'circuits.models.circuits.CircuitTermination'>._location
DEBUG:netbox.denormalized:Registering denormalized field <class 'dcim.models.cables.CableTermination'>._device
DEBUG:netbox.denormalized:Registering denormalized field <class 'dcim.models.cables.CableTermination'>._rack
DEBUG:netbox.denormalized:Registering denormalized field <class 'dcim.models.cables.CableTermination'>._location
DEBUG:netbox.denormalized:Registering denormalized field <class 'ipam.models.ip.Prefix'>._site
DEBUG:netbox.denormalized:Registering denormalized field <class 'ipam.models.ip.Prefix'>._location
DEBUG:netbox.denormalized:Registering denormalized field <class 'circuits.models.circuits.CircuitTermination'>._site
DEBUG:netbox.denormalized:Registering denormalized field <class 'circuits.models.circuits.CircuitTermination'>._location
DEBUG:netbox.denormalized:Registering denormalized field <class 'dcim.models.cables.CableTermination'>._device
DEBUG:netbox.denormalized:Registering denormalized field <class 'dcim.models.cables.CableTermination'>._rack
DEBUG:netbox.denormalized:Registering denormalized field <class 'dcim.models.cables.CableTermination'>._location
DEBUG:netbox.denormalized:Registering denormalized field <class 'ipam.models.ip.Prefix'>._site
DEBUG:netbox.denormalized:Registering denormalized field <class 'ipam.models.ip.Prefix'>._location
DEBUG:netbox.denormalized:Registering denormalized field <class 'circuits.models.circuits.CircuitTermination'>._site
DEBUG:netbox.denormalized:Registering denormalized field <class 'circuits.models.circuits.CircuitTermination'>._location
DEBUG:netbox.denormalized:Registering denormalized field <class 'dcim.models.cables.CableTermination'>._device
DEBUG:netbox.denormalized:Registering denormalized field <class 'dcim.models.cables.CableTermination'>._rack
DEBUG:netbox.denormalized:Registering denormalized field <class 'dcim.models.cables.CableTermination'>._location
DEBUG:netbox.denormalized:Registering denormalized field <class 'ipam.models.ip.Prefix'>._site
DEBUG:netbox.denormalized:Registering denormalized field <class 'ipam.models.ip.Prefix'>._location
DEBUG:netbox.denormalized:Registering denormalized field <class 'circuits.models.circuits.CircuitTermination'>._site
DEBUG:netbox.denormalized:Registering denormalized field <class 'circuits.models.circuits.CircuitTermination'>._location
DEBUG:netbox.denormalized:Registering denormalized field <class 'dcim.models.cables.CableTermination'>._device
DEBUG:netbox.denormalized:Registering denormalized field <class 'dcim.models.cables.CableTermination'>._rack
DEBUG:netbox.denormalized:Registering denormalized field <class 'dcim.models.cables.CableTermination'>._location
DEBUG:netbox.denormalized:Registering denormalized field <class 'ipam.models.ip.Prefix'>._site
DEBUG:netbox.denormalized:Registering denormalized field <class 'ipam.models.ip.Prefix'>._location
DEBUG:netbox.webhooks:Registered webhook callback netbox.tests.dummy_plugin.webhook_callbacks.set_context
DEBUG:netbox.denormalized:Registering denormalized field <class 'circuits.models.circuits.CircuitTermination'>._site
DEBUG:netbox.denormalized:Registering denormalized field <class 'circuits.models.circuits.CircuitTermination'>._location
DEBUG:netbox.denormalized:Registering denormalized field <class 'dcim.models.cables.CableTermination'>._device
DEBUG:netbox.denormalized:Registering denormalized field <class 'dcim.models.cables.CableTermination'>._rack
DEBUG:netbox.denormalized:Registering denormalized field <class 'dcim.models.cables.CableTermination'>._location
DEBUG:netbox.denormalized:Registering denormalized field <class 'ipam.models.ip.Prefix'>._site
DEBUG:netbox.denormalized:Registering denormalized field <class 'ipam.models.ip.Prefix'>._location
DEBUG:netbox.webhooks:Registered webhook callback netbox.tests.dummy_plugin.webhook_callbacks.set_context
DEBUG:netbox.denormalized:Registering denormalized field <class 'circuits.models.circuits.CircuitTermination'>._site
DEBUG:netbox.denormalized:Registering denormalized field <class 'circuits.models.circuits.CircuitTermination'>._location
DEBUG:netbox.denormalized:Registering denormalized field <class 'dcim.models.cables.CableTermination'>._device
DEBUG:netbox.denormalized:Registering denormalized field <class 'dcim.models.cables.CableTermination'>._rack
DEBUG:netbox.denormalized:Registering denormalized field <class 'dcim.models.cables.CableTermination'>._location
DEBUG:netbox.denormalized:Registering denormalized field <class 'ipam.models.ip.Prefix'>._site
DEBUG:netbox.denormalized:Registering denormalized field <class 'ipam.models.ip.Prefix'>._location
DEBUG:netbox.webhooks:Registered webhook callback netbox.tests.dummy_plugin.webhook_callbacks.set_context
DEBUG:netbox.denormalized:Registering denormalized field <class 'circuits.models.circuits.CircuitTermination'>._site
DEBUG:netbox.denormalized:Registering denormalized field <class 'circuits.models.circuits.CircuitTermination'>._location
DEBUG:netbox.denormalized:Registering denormalized field <class 'dcim.models.cables.CableTermination'>._device
DEBUG:netbox.denormalized:Registering denormalized field <class 'dcim.models.cables.CableTermination'>._rack
DEBUG:netbox.denormalized:Registering denormalized field <class 'dcim.models.cables.CableTermination'>._location
DEBUG:netbox.denormalized:Registering denormalized field <class 'ipam.models.ip.Prefix'>._site
DEBUG:netbox.denormalized:Registering denormalized field <class 'ipam.models.ip.Prefix'>._location
DEBUG:netbox.webhooks:Registered webhook callback netbox.tests.dummy_plugin.webhook_callbacks.set_context
DEBUG:netbox.denormalized:Registering denormalized field <class 'circuits.models.circuits.CircuitTermination'>._site
DEBUG:netbox.denormalized:Registering denormalized field <class 'circuits.models.circuits.CircuitTermination'>._location
DEBUG:netbox.denormalized:Registering denormalized field <class 'dcim.models.cables.CableTermination'>._device
DEBUG:netbox.denormalized:Registering denormalized field <class 'dcim.models.cables.CableTermination'>._rack
DEBUG:netbox.denormalized:Registering denormalized field <class 'dcim.models.cables.CableTermination'>._location
DEBUG:netbox.denormalized:Registering denormalized field <class 'ipam.models.ip.Prefix'>._site
DEBUG:netbox.denormalized:Registering denormalized field <class 'ipam.models.ip.Prefix'>._location
DEBUG:netbox.webhooks:Registered webhook callback netbox.tests.dummy_plugin.webhook_callbacks.set_context
DEBUG:netbox.denormalized:Registering denormalized field <class 'circuits.models.circuits.CircuitTermination'>._site
DEBUG:netbox.denormalized:Registering denormalized field <class 'circuits.models.circuits.CircuitTermination'>._location
DEBUG:netbox.denormalized:Registering denormalized field <class 'dcim.models.cables.CableTermination'>._device
DEBUG:netbox.denormalized:Registering denormalized field <class 'dcim.models.cables.CableTermination'>._rack
DEBUG:netbox.denormalized:Registering denormalized field <class 'dcim.models.cables.CableTermination'>._location
DEBUG:netbox.denormalized:Registering denormalized field <class 'ipam.models.ip.Prefix'>._site
DEBUG:netbox.denormalized:Registering denormalized field <class 'ipam.models.ip.Prefix'>._location
DEBUG:netbox.webhooks:Registered webhook callback netbox.tests.dummy_plugin.webhook_callbacks.set_context
DEBUG:netbox.denormalized:Registering denormalized field <class 'circuits.models.circuits.CircuitTermination'>._site
DEBUG:netbox.denormalized:Registering denormalized field <class 'circuits.models.circuits.CircuitTermination'>._location
DEBUG:netbox.denormalized:Registering denormalized field <class 'dcim.models.cables.CableTermination'>._device
DEBUG:netbox.denormalized:Registering denormalized field <class 'dcim.models.cables.CableTermination'>._rack
DEBUG:netbox.denormalized:Registering denormalized field <class 'dcim.models.cables.CableTermination'>._location
DEBUG:netbox.denormalized:Registering denormalized field <class 'ipam.models.ip.Prefix'>._site
DEBUG:netbox.denormalized:Registering denormalized field <class 'ipam.models.ip.Prefix'>._location
DEBUG:netbox.webhooks:Registered webhook callback netbox.tests.dummy_plugin.webhook_callbacks.set_context
DEBUG:netbox.denormalized:Registering denormalized field <class 'circuits.models.circuits.CircuitTermination'>._site
DEBUG:netbox.denormalized:Registering denormalized field <class 'circuits.models.circuits.CircuitTermination'>._location
DEBUG:netbox.denormalized:Registering denormalized field <class 'dcim.models.cables.CableTermination'>._device
DEBUG:netbox.denormalized:Registering denormalized field <class 'dcim.models.cables.CableTermination'>._rack
DEBUG:netbox.denormalized:Registering denormalized field <class 'dcim.models.cables.CableTermination'>._location
DEBUG:netbox.denormalized:Registering denormalized field <class 'ipam.models.ip.Prefix'>._site
DEBUG:netbox.denormalized:Registering denormalized field <class 'ipam.models.ip.Prefix'>._location
DEBUG:netbox.webhooks:Registered webhook callback netbox.tests.dummy_plugin.webhook_callbacks.set_context
DEBUG:netbox.denormalized:Registering denormalized field <class 'circuits.models.circuits.CircuitTermination'>._site
DEBUG:netbox.denormalized:Registering denormalized field <class 'circuits.models.circuits.CircuitTermination'>._location
DEBUG:netbox.denormalized:Registering denormalized field <class 'dcim.models.cables.CableTermination'>._device
DEBUG:netbox.denormalized:Registering denormalized field <class 'dcim.models.cables.CableTermination'>._rack
DEBUG:netbox.denormalized:Registering denormalized field <class 'dcim.models.cables.CableTermination'>._location
DEBUG:netbox.denormalized:Registering denormalized field <class 'ipam.models.ip.Prefix'>._site
DEBUG:netbox.denormalized:Registering denormalized field <class 'ipam.models.ip.Prefix'>._location
DEBUG:netbox.webhooks:Registered webhook callback netbox.tests.dummy_plugin.webhook_callbacks.set_context
DEBUG:netbox.denormalized:Registering denormalized field <class 'circuits.models.circuits.CircuitTermination'>._site
DEBUG:netbox.denormalized:Registering denormalized field <class 'circuits.models.circuits.CircuitTermination'>._location
DEBUG:netbox.denormalized:Registering denormalized field <class 'dcim.models.cables.CableTermination'>._device
DEBUG:netbox.denormalized:Registering denormalized field <class 'dcim.models.cables.CableTermination'>._rack
DEBUG:netbox.denormalized:Registering denormalized field <class 'dcim.models.cables.CableTermination'>._location
DEBUG:netbox.denormalized:Registering denormalized field <class 'ipam.models.ip.Prefix'>._site
DEBUG:netbox.denormalized:Registering denormalized field <class 'ipam.models.ip.Prefix'>._location
DEBUG:netbox.webhooks:Registered webhook callback netbox.tests.dummy_plugin.webhook_callbacks.set_context
DEBUG:netbox.denormalized:Registering denormalized field <class 'circuits.models.circuits.CircuitTermination'>._site
DEBUG:netbox.denormalized:Registering denormalized field <class 'circuits.models.circuits.CircuitTermination'>._location
DEBUG:netbox.denormalized:Registering denormalized field <class 'dcim.models.cables.CableTermination'>._device
DEBUG:netbox.denormalized:Registering denormalized field <class 'dcim.models.cables.CableTermination'>._rack
DEBUG:netbox.denormalized:Registering denormalized field <class 'dcim.models.cables.CableTermination'>._location
DEBUG:netbox.denormalized:Registering denormalized field <class 'ipam.models.ip.Prefix'>._site
DEBUG:netbox.denormalized:Registering denormalized field <class 'ipam.models.ip.Prefix'>._location
DEBUG:netbox.webhooks:Registered webhook callback netbox.tests.dummy_plugin.webhook_callbacks.set_context
DEBUG:netbox.denormalized:Registering denormalized field <class 'circuits.models.circuits.CircuitTermination'>._site
DEBUG:netbox.denormalized:Registering denormalized field <class 'circuits.models.circuits.CircuitTermination'>._location
DEBUG:netbox.denormalized:Registering denormalized field <class 'dcim.models.cables.CableTermination'>._device
DEBUG:netbox.denormalized:Registering denormalized field <class 'dcim.models.cables.CableTermination'>._rack
DEBUG:netbox.denormalized:Registering denormalized field <class 'dcim.models.cables.CableTermination'>._location
DEBUG:netbox.denormalized:Registering denormalized field <class 'ipam.models.ip.Prefix'>._site
DEBUG:netbox.denormalized:Registering denormalized field <class 'ipam.models.ip.Prefix'>._location
DEBUG:netbox.webhooks:Registered webhook callback netbox.tests.dummy_plugin.webhook_callbacks.set_context
DEBUG:netbox.denormalized:Registering denormalized field <class 'circuits.models.circuits.CircuitTermination'>._site
DEBUG:netbox.denormalized:Registering denormalized field <class 'circuits.models.circuits.CircuitTermination'>._location
DEBUG:netbox.denormalized:Registering denormalized field <class 'dcim.models.cables.CableTermination'>._device
DEBUG:netbox.denormalized:Registering denormalized field <class 'dcim.models.cables.CableTermination'>._rack
DEBUG:netbox.denormalized:Registering denormalized field <class 'dcim.models.cables.CableTermination'>._location
DEBUG:netbox.denormalized:Registering denormalized field <class 'ipam.models.ip.Prefix'>._site
DEBUG:netbox.denormalized:Registering denormalized field <class 'ipam.models.ip.Prefix'>._location
DEBUG:netbox.webhooks:Registered webhook callback netbox.tests.dummy_plugin.webhook_callbacks.set_context
DEBUG:netbox.denormalized:Registering denormalized field <class 'circuits.models.circuits.CircuitTermination'>._site
DEBUG:netbox.denormalized:Registering denormalized field <class 'circuits.models.circuits.CircuitTermination'>._location
DEBUG:netbox.denormalized:Registering denormalized field <class 'dcim.models.cables.CableTermination'>._device
DEBUG:netbox.denormalized:Registering denormalized field <class 'dcim.models.cables.CableTermination'>._rack
DEBUG:netbox.denormalized:Registering denormalized field <class 'dcim.models.cables.CableTermination'>._location
DEBUG:netbox.denormalized:Registering denormalized field <class 'ipam.models.ip.Prefix'>._site
DEBUG:netbox.denormalized:Registering denormalized field <class 'ipam.models.ip.Prefix'>._location
DEBUG:netbox.webhooks:Registered webhook callback netbox.tests.dummy_plugin.webhook_callbacks.set_context
DEBUG:netbox.denormalized:Registering denormalized field <class 'circuits.models.circuits.CircuitTermination'>._site
DEBUG:netbox.denormalized:Registering denormalized field <class 'circuits.models.circuits.CircuitTermination'>._location
DEBUG:netbox.denormalized:Registering denormalized field <class 'dcim.models.cables.CableTermination'>._device
DEBUG:netbox.denormalized:Registering denormalized field <class 'dcim.models.cables.CableTermination'>._rack
DEBUG:netbox.denormalized:Registering denormalized field <class 'dcim.models.cables.CableTermination'>._location
DEBUG:netbox.denormalized:Registering denormalized field <class 'ipam.models.ip.Prefix'>._site
DEBUG:netbox.denormalized:Registering denormalized field <class 'ipam.models.ip.Prefix'>._location
DEBUG:netbox.webhooks:Registered webhook callback netbox.tests.dummy_plugin.webhook_callbacks.set_context
DEBUG:netbox.denormalized:Registering denormalized field <class 'circuits.models.circuits.CircuitTermination'>._site
DEBUG:netbox.denormalized:Registering denormalized field <class 'circuits.models.circuits.CircuitTermination'>._location
DEBUG:netbox.denormalized:Registering denormalized field <class 'dcim.models.cables.CableTermination'>._device
DEBUG:netbox.denormalized:Registering denormalized field <class 'dcim.models.cables.CableTermination'>._rack
DEBUG:netbox.denormalized:Registering denormalized field <class 'dcim.models.cables.CableTermination'>._location
DEBUG:netbox.denormalized:Registering denormalized field <class 'ipam.models.ip.Prefix'>._site
DEBUG:netbox.denormalized:Registering denormalized field <class 'ipam.models.ip.Prefix'>._location
DEBUG:netbox.webhooks:Registered webhook callback netbox.tests.dummy_plugin.webhook_callbacks.set_context
DEBUG:netbox.denormalized:Registering denormalized field <class 'circuits.models.circuits.CircuitTermination'>._site
DEBUG:netbox.denormalized:Registering denormalized field <class 'circuits.models.circuits.CircuitTermination'>._location
DEBUG:netbox.denormalized:Registering denormalized field <class 'dcim.models.cables.CableTermination'>._device
DEBUG:netbox.denormalized:Registering denormalized field <class 'dcim.models.cables.CableTermination'>._rack
DEBUG:netbox.denormalized:Registering denormalized field <class 'dcim.models.cables.CableTermination'>._location
DEBUG:netbox.denormalized:Registering denormalized field <class 'ipam.models.ip.Prefix'>._site
DEBUG:netbox.denormalized:Registering denormalized field <class 'ipam.models.ip.Prefix'>._location
DEBUG:netbox.webhooks:Registered webhook callback netbox.tests.dummy_plugin.webhook_callbacks.set_context
DEBUG:netbox.denormalized:Registering denormalized field <class 'circuits.models.circuits.CircuitTermination'>._site
DEBUG:netbox.denormalized:Registering denormalized field <class 'circuits.models.circuits.CircuitTermination'>._location
DEBUG:netbox.denormalized:Registering denormalized field <class 'dcim.models.cables.CableTermination'>._device
DEBUG:netbox.denormalized:Registering denormalized field <class 'dcim.models.cables.CableTermination'>._rack
DEBUG:netbox.denormalized:Registering denormalized field <class 'dcim.models.cables.CableTermination'>._location
DEBUG:netbox.denormalized:Registering denormalized field <class 'ipam.models.ip.Prefix'>._site
DEBUG:netbox.denormalized:Registering denormalized field <class 'ipam.models.ip.Prefix'>._location
DEBUG:netbox.webhooks:Registered webhook callback netbox.tests.dummy_plugin.webhook_callbacks.set_context
DEBUG:netbox.denormalized:Registering denormalized field <class 'circuits.models.circuits.CircuitTermination'>._site
DEBUG:netbox.denormalized:Registering denormalized field <class 'circuits.models.circuits.CircuitTermination'>._location
DEBUG:netbox.denormalized:Registering denormalized field <class 'dcim.models.cables.CableTermination'>._device
DEBUG:netbox.denormalized:Registering denormalized field <class 'dcim.models.cables.CableTermination'>._rack
DEBUG:netbox.denormalized:Registering denormalized field <class 'dcim.models.cables.CableTermination'>._location
DEBUG:netbox.denormalized:Registering denormalized field <class 'ipam.models.ip.Prefix'>._site
DEBUG:netbox.denormalized:Registering denormalized field <class 'ipam.models.ip.Prefix'>._location
DEBUG:netbox.webhooks:Registered webhook callback netbox.tests.dummy_plugin.webhook_callbacks.set_context
DEBUG:netbox.denormalized:Registering denormalized field <class 'circuits.models.circuits.CircuitTermination'>._site
DEBUG:netbox.denormalized:Registering denormalized field <class 'circuits.models.circuits.CircuitTermination'>._location
DEBUG:netbox.denormalized:Registering denormalized field <class 'dcim.models.cables.CableTermination'>._device
DEBUG:netbox.denormalized:Registering denormalized field <class 'dcim.models.cables.CableTermination'>._rack
DEBUG:netbox.denormalized:Registering denormalized field <class 'dcim.models.cables.CableTermination'>._location
DEBUG:netbox.denormalized:Registering denormalized field <class 'ipam.models.ip.Prefix'>._site
DEBUG:netbox.denormalized:Registering denormalized field <class 'ipam.models.ip.Prefix'>._location
DEBUG:netbox.webhooks:Registered webhook callback netbox.tests.dummy_plugin.webhook_callbacks.set_context
DEBUG:netbox.denormalized:Registering denormalized field <class 'circuits.models.circuits.CircuitTermination'>._site
DEBUG:netbox.denormalized:Registering denormalized field <class 'circuits.models.circuits.CircuitTermination'>._location
DEBUG:netbox.denormalized:Registering denormalized field <class 'dcim.models.cables.CableTermination'>._device
DEBUG:netbox.denormalized:Registering denormalized field <class 'dcim.models.cables.CableTermination'>._rack
DEBUG:netbox.denormalized:Registering denormalized field <class 'dcim.models.cables.CableTermination'>._location
DEBUG:netbox.denormalized:Registering denormalized field <class 'ipam.models.ip.Prefix'>._site
DEBUG:netbox.denormalized:Registering denormalized field <class 'ipam.models.ip.Prefix'>._location
DEBUG:netbox.webhooks:Registered webhook callback netbox.tests.dummy_plugin.webhook_callbacks.set_context
DEBUG:netbox.denormalized:Registering denormalized field <class 'circuits.models.circuits.CircuitTermination'>._site
DEBUG:netbox.denormalized:Registering denormalized field <class 'circuits.models.circuits.CircuitTermination'>._location
DEBUG:netbox.denormalized:Registering denormalized field <class 'dcim.models.cables.CableTermination'>._device
DEBUG:netbox.denormalized:Registering denormalized field <class 'dcim.models.cables.CableTermination'>._rack
DEBUG:netbox.denormalized:Registering denormalized field <class 'dcim.models.cables.CableTermination'>._location
DEBUG:netbox.denormalized:Registering denormalized field <class 'ipam.models.ip.Prefix'>._site
DEBUG:netbox.denormalized:Registering denormalized field <class 'ipam.models.ip.Prefix'>._location
DEBUG:netbox.webhooks:Registered webhook callback netbox.tests.dummy_plugin.webhook_callbacks.set_context
DEBUG:netbox.denormalized:Registering denormalized field <class 'circuits.models.circuits.CircuitTermination'>._site
DEBUG:netbox.denormalized:Registering denormalized field <class 'circuits.models.circuits.CircuitTermination'>._location
DEBUG:netbox.denormalized:Registering denormalized field <class 'dcim.models.cables.CableTermination'>._device
DEBUG:netbox.denormalized:Registering denormalized field <class 'dcim.models.cables.CableTermination'>._rack
DEBUG:netbox.denormalized:Registering denormalized field <class 'dcim.models.cables.CableTermination'>._location
DEBUG:netbox.denormalized:Registering denormalized field <class 'ipam.models.ip.Prefix'>._site
DEBUG:netbox.denormalized:Registering denormalized field <class 'ipam.models.ip.Prefix'>._location
DEBUG:netbox.denormalized:Registering denormalized field <class 'circuits.models.circuits.CircuitTermination'>._site
DEBUG:netbox.denormalized:Registering denormalized field <class 'circuits.models.circuits.CircuitTermination'>._location
DEBUG:netbox.denormalized:Registering denormalized field <class 'dcim.models.cables.CableTermination'>._device
DEBUG:netbox.denormalized:Registering denormalized field <class 'dcim.models.cables.CableTermination'>._rack
DEBUG:netbox.denormalized:Registering denormalized field <class 'dcim.models.cables.CableTermination'>._location
DEBUG:netbox.denormalized:Registering denormalized field <class 'ipam.models.ip.Prefix'>._site
DEBUG:netbox.denormalized:Registering denormalized field <class 'ipam.models.ip.Prefix'>._location
DEBUG:netbox.denormalized:Registering denormalized field <class 'circuits.models.circuits.CircuitTermination'>._site
DEBUG:netbox.denormalized:Registering denormalized field <class 'circuits.models.circuits.CircuitTermination'>._location
DEBUG:netbox.denormalized:Registering denormalized field <class 'dcim.models.cables.CableTermination'>._device
DEBUG:netbox.denormalized:Registering denormalized field <class 'dcim.models.cables.CableTermination'>._rack
DEBUG:netbox.denormalized:Registering denormalized field <class 'dcim.models.cables.CableTermination'>._location
DEBUG:netbox.denormalized:Registering denormalized field <class 'ipam.models.ip.Prefix'>._site
DEBUG:netbox.denormalized:Registering denormalized field <class 'ipam.models.ip.Prefix'>._location
DEBUG:netbox.webhooks:Registered webhook callback netbox.tests.dummy_plugin.webhook_callbacks.set_context
DEBUG:netbox.denormalized:Registering denormalized field <class 'circuits.models.circuits.CircuitTermination'>._site
DEBUG:netbox.denormalized:Registering denormalized field <class 'circuits.models.circuits.CircuitTermination'>._location
DEBUG:netbox.denormalized:Registering denormalized field <class 'dcim.models.cables.CableTermination'>._device
DEBUG:netbox.denormalized:Registering denormalized field <class 'dcim.models.cables.CableTermination'>._rack
DEBUG:netbox.denormalized:Registering denormalized field <class 'dcim.models.cables.CableTermination'>._location
DEBUG:netbox.denormalized:Registering denormalized field <class 'ipam.models.ip.Prefix'>._site
DEBUG:netbox.denormalized:Registering denormalized field <class 'ipam.models.ip.Prefix'>._location
DEBUG:netbox.denormalized:Registering denormalized field <class 'circuits.models.circuits.CircuitTermination'>._site
DEBUG:netbox.denormalized:Registering denormalized field <class 'circuits.models.circuits.CircuitTermination'>._location
DEBUG:netbox.denormalized:Registering denormalized field <class 'dcim.models.cables.CableTermination'>._device
DEBUG:netbox.denormalized:Registering denormalized field <class 'dcim.models.cables.CableTermination'>._rack
DEBUG:netbox.denormalized:Registering denormalized field <class 'dcim.models.cables.CableTermination'>._location
DEBUG:netbox.denormalized:Registering denormalized field <class 'ipam.models.ip.Prefix'>._site
DEBUG:netbox.denormalized:Registering denormalized field <class 'ipam.models.ip.Prefix'>._location
DEBUG:netbox.denormalized:Registering denormalized field <class 'circuits.models.circuits.CircuitTermination'>._site
DEBUG:netbox.denormalized:Registering denormalized field <class 'circuits.models.circuits.CircuitTermination'>._location
DEBUG:netbox.denormalized:Registering denormalized field <class 'dcim.models.cables.CableTermination'>._device
DEBUG:netbox.denormalized:Registering denormalized field <class 'dcim.models.cables.CableTermination'>._rack
DEBUG:netbox.denormalized:Registering denormalized field <class 'dcim.models.cables.CableTermination'>._location
DEBUG:netbox.denormalized:Registering denormalized field <class 'ipam.models.ip.Prefix'>._site
DEBUG:netbox.denormalized:Registering denormalized field <class 'ipam.models.ip.Prefix'>._location
DEBUG:netbox.denormalized:Registering denormalized field <class 'circuits.models.circuits.CircuitTermination'>._site
DEBUG:netbox.denormalized:Registering denormalized field <class 'circuits.models.circuits.CircuitTermination'>._location
DEBUG:netbox.denormalized:Registering denormalized field <class 'dcim.models.cables.CableTermination'>._device
DEBUG:netbox.denormalized:Registering denormalized field <class 'dcim.models.cables.CableTermination'>._rack
DEBUG:netbox.denormalized:Registering denormalized field <class 'dcim.models.cables.CableTermination'>._location
DEBUG:netbox.denormalized:Registering denormalized field <class 'ipam.models.ip.Prefix'>._site
DEBUG:netbox.denormalized:Registering denormalized field <class 'ipam.models.ip.Prefix'>._location
DEBUG:netbox.denormalized:Registering denormalized field <class 'circuits.models.circuits.CircuitTermination'>._site
DEBUG:netbox.denormalized:Registering denormalized field <class 'circuits.models.circuits.CircuitTermination'>._location
DEBUG:netbox.denormalized:Registering denormalized field <class 'dcim.models.cables.CableTermination'>._device
DEBUG:netbox.denormalized:Registering denormalized field <class 'dcim.models.cables.CableTermination'>._rack
DEBUG:netbox.denormalized:Registering denormalized field <class 'dcim.models.cables.CableTermination'>._location
DEBUG:netbox.denormalized:Registering denormalized field <class 'ipam.models.ip.Prefix'>._site
DEBUG:netbox.denormalized:Registering denormalized field <class 'ipam.models.ip.Prefix'>._location
DEBUG:netbox.denormalized:Registering denormalized field <class 'circuits.models.circuits.CircuitTermination'>._site
DEBUG:netbox.denormalized:Registering denormalized field <class 'circuits.models.circuits.CircuitTermination'>._location
DEBUG:netbox.denormalized:Registering denormalized field <class 'dcim.models.cables.CableTermination'>._device
DEBUG:netbox.denormalized:Registering denormalized field <class 'dcim.models.cables.CableTermination'>._rack
DEBUG:netbox.denormalized:Registering denormalized field <class 'dcim.models.cables.CableTermination'>._location
DEBUG:netbox.denormalized:Registering denormalized field <class 'ipam.models.ip.Prefix'>._site
DEBUG:netbox.denormalized:Registering denormalized field <class 'ipam.models.ip.Prefix'>._location
DEBUG:netbox.denormalized:Registering denormalized field <class 'circuits.models.circuits.CircuitTermination'>._site
DEBUG:netbox.denormalized:Registering denormalized field <class 'circuits.models.circuits.CircuitTermination'>._location
DEBUG:netbox.denormalized:Registering denormalized field <class 'dcim.models.cables.CableTermination'>._device
DEBUG:netbox.denormalized:Registering denormalized field <class 'dcim.models.cables.CableTermination'>._rack
DEBUG:netbox.denormalized:Registering denormalized field <class 'dcim.models.cables.CableTermination'>._location
DEBUG:netbox.denormalized:Registering denormalized field <class 'ipam.models.ip.Prefix'>._site
DEBUG:netbox.denormalized:Registering denormalized field <class 'ipam.models.ip.Prefix'>._location
DEBUG:netbox.denormalized:Registering denormalized field <class 'circuits.models.circuits.CircuitTermination'>._site
DEBUG:netbox.denormalized:Registering denormalized field <class 'circuits.models.circuits.CircuitTermination'>._location
DEBUG:netbox.denormalized:Registering denormalized field <class 'dcim.models.cables.CableTermination'>._device
DEBUG:netbox.denormalized:Registering denormalized field <class 'dcim.models.cables.CableTermination'>._rack
DEBUG:netbox.denormalized:Registering denormalized field <class 'dcim.models.cables.CableTermination'>._location
DEBUG:netbox.denormalized:Registering denormalized field <class 'ipam.models.ip.Prefix'>._site
DEBUG:netbox.denormalized:Registering denormalized field <class 'ipam.models.ip.Prefix'>._location
DEBUG:netbox.denormalized:Registering denormalized field <class 'circuits.models.circuits.CircuitTermination'>._site
DEBUG:netbox.denormalized:Registering denormalized field <class 'circuits.models.circuits.CircuitTermination'>._location
DEBUG:netbox.denormalized:Registering denormalized field <class 'dcim.models.cables.CableTermination'>._device
DEBUG:netbox.denormalized:Registering denormalized field <class 'dcim.models.cables.CableTermination'>._rack
DEBUG:netbox.denormalized:Registering denormalized field <class 'dcim.models.cables.CableTermination'>._location
DEBUG:netbox.denormalized:Registering denormalized field <class 'ipam.models.ip.Prefix'>._site
DEBUG:netbox.denormalized:Registering denormalized field <class 'ipam.models.ip.Prefix'>._location
DEBUG:netbox.denormalized:Registering denormalized field <class 'circuits.models.circuits.CircuitTermination'>._site
DEBUG:netbox.denormalized:Registering denormalized field <class 'circuits.models.circuits.CircuitTermination'>._location
DEBUG:netbox.denormalized:Registering denormalized field <class 'dcim.models.cables.CableTermination'>._device
DEBUG:netbox.denormalized:Registering denormalized field <class 'dcim.models.cables.CableTermination'>._rack
DEBUG:netbox.denormalized:Registering denormalized field <class 'dcim.models.cables.CableTermination'>._location
DEBUG:netbox.denormalized:Registering denormalized field <class 'ipam.models.ip.Prefix'>._site
DEBUG:netbox.denormalized:Registering denormalized field <class 'ipam.models.ip.Prefix'>._location
DEBUG:netbox.denormalized:Registering denormalized field <class 'circuits.models.circuits.CircuitTermination'>._site
DEBUG:netbox.denormalized:Registering denormalized field <class 'circuits.models.circuits.CircuitTermination'>._location
DEBUG:netbox.denormalized:Registering denormalized field <class 'dcim.models.cables.CableTermination'>._device
DEBUG:netbox.denormalized:Registering denormalized field <class 'dcim.models.cables.CableTermination'>._rack
DEBUG:netbox.denormalized:Registering denormalized field <class 'dcim.models.cables.CableTermination'>._location
DEBUG:netbox.denormalized:Registering denormalized field <class 'ipam.models.ip.Prefix'>._site
DEBUG:netbox.denormalized:Registering denormalized field <class 'ipam.models.ip.Prefix'>._location
DEBUG:netbox.denormalized:Registering denormalized field <class 'circuits.models.circuits.CircuitTermination'>._site
DEBUG:netbox.denormalized:Registering denormalized field <class 'circuits.models.circuits.CircuitTermination'>._location
DEBUG:netbox.denormalized:Registering denormalized field <class 'dcim.models.cables.CableTermination'>._device
DEBUG:netbox.denormalized:Registering denormalized field <class 'dcim.models.cables.CableTermination'>._rack
DEBUG:netbox.denormalized:Registering denormalized field <class 'dcim.models.cables.CableTermination'>._location
DEBUG:netbox.denormalized:Registering denormalized field <class 'ipam.models.ip.Prefix'>._site
DEBUG:netbox.denormalized:Registering denormalized field <class 'ipam.models.ip.Prefix'>._location
DEBUG:netbox.denormalized:Registering denormalized field <class 'circuits.models.circuits.CircuitTermination'>._site
DEBUG:netbox.denormalized:Registering denormalized field <class 'circuits.models.circuits.CircuitTermination'>._location
DEBUG:netbox.denormalized:Registering denormalized field <class 'dcim.models.cables.CableTermination'>._device
DEBUG:netbox.denormalized:Registering denormalized field <class 'dcim.models.cables.CableTermination'>._rack
DEBUG:netbox.denormalized:Registering denormalized field <class 'dcim.models.cables.CableTermination'>._location
DEBUG:netbox.denormalized:Registering denormalized field <class 'ipam.models.ip.Prefix'>._site
DEBUG:netbox.denormalized:Registering denormalized field <class 'ipam.models.ip.Prefix'>._location
DEBUG:netbox.denormalized:Registering denormalized field <class 'circuits.models.circuits.CircuitTermination'>._site
DEBUG:netbox.denormalized:Registering denormalized field <class 'circuits.models.circuits.CircuitTermination'>._location
DEBUG:netbox.denormalized:Registering denormalized field <class 'dcim.models.cables.CableTermination'>._device
DEBUG:netbox.denormalized:Registering denormalized field <class 'dcim.models.cables.CableTermination'>._rack
DEBUG:netbox.denormalized:Registering denormalized field <class 'dcim.models.cables.CableTermination'>._location
DEBUG:netbox.denormalized:Registering denormalized field <class 'ipam.models.ip.Prefix'>._site
DEBUG:netbox.denormalized:Registering denormalized field <class 'ipam.models.ip.Prefix'>._location
DEBUG:netbox.denormalized:Registering denormalized field <class 'circuits.models.circuits.CircuitTermination'>._site
DEBUG:netbox.denormalized:Registering denormalized field <class 'circuits.models.circuits.CircuitTermination'>._location
DEBUG:netbox.denormalized:Registering denormalized field <class 'dcim.models.cables.CableTermination'>._device
DEBUG:netbox.denormalized:Registering denormalized field <class 'dcim.models.cables.CableTermination'>._rack
DEBUG:netbox.denormalized:Registering denormalized field <class 'dcim.models.cables.CableTermination'>._location
DEBUG:netbox.denormalized:Registering denormalized field <class 'ipam.models.ip.Prefix'>._site
DEBUG:netbox.denormalized:Registering denormalized field <class 'ipam.models.ip.Prefix'>._location
DEBUG:netbox.denormalized:Registering denormalized field <class 'circuits.models.circuits.CircuitTermination'>._site
DEBUG:netbox.denormalized:Registering denormalized field <class 'circuits.models.circuits.CircuitTermination'>._location
DEBUG:netbox.denormalized:Registering denormalized field <class 'dcim.models.cables.CableTermination'>._device
DEBUG:netbox.denormalized:Registering denormalized field <class 'dcim.models.cables.CableTermination'>._rack
DEBUG:netbox.denormalized:Registering denormalized field <class 'dcim.models.cables.CableTermination'>._location
DEBUG:netbox.denormalized:Registering denormalized field <class 'ipam.models.ip.Prefix'>._site
DEBUG:netbox.denormalized:Registering denormalized field <class 'ipam.models.ip.Prefix'>._location
DEBUG:netbox.denormalized:Registering denormalized field <class 'circuits.models.circuits.CircuitTermination'>._site
DEBUG:netbox.denormalized:Registering denormalized field <class 'circuits.models.circuits.CircuitTermination'>._location
DEBUG:netbox.denormalized:Registering denormalized field <class 'dcim.models.cables.CableTermination'>._device
DEBUG:netbox.denormalized:Registering denormalized field <class 'dcim.models.cables.CableTermination'>._rack
DEBUG:netbox.denormalized:Registering denormalized field <class 'dcim.models.cables.CableTermination'>._location
DEBUG:netbox.denormalized:Registering denormalized field <class 'ipam.models.ip.Prefix'>._site
DEBUG:netbox.denormalized:Registering denormalized field <class 'ipam.models.ip.Prefix'>._location
DEBUG:netbox.denormalized:Registering denormalized field <class 'circuits.models.circuits.CircuitTermination'>._site
DEBUG:netbox.denormalized:Registering denormalized field <class 'circuits.models.circuits.CircuitTermination'>._location
DEBUG:netbox.denormalized:Registering denormalized field <class 'dcim.models.cables.CableTermination'>._device
DEBUG:netbox.denormalized:Registering denormalized field <class 'dcim.models.cables.CableTermination'>._rack
DEBUG:netbox.denormalized:Registering denormalized field <class 'dcim.models.cables.CableTermination'>._location
DEBUG:netbox.denormalized:Registering denormalized field <class 'ipam.models.ip.Prefix'>._site
DEBUG:netbox.denormalized:Registering denormalized field <class 'ipam.models.ip.Prefix'>._location
DEBUG:netbox.webhooks:Registered webhook callback netbox.tests.dummy_plugin.webhook_callbacks.set_context
DEBUG:netbox.denormalized:Registering denormalized field <class 'circuits.models.circuits.CircuitTermination'>._site
DEBUG:netbox.denormalized:Registering denormalized field <class 'circuits.models.circuits.CircuitTermination'>._location
DEBUG:netbox.denormalized:Registering denormalized field <class 'dcim.models.cables.CableTermination'>._device
DEBUG:netbox.denormalized:Registering denormalized field <class 'dcim.models.cables.CableTermination'>._rack
DEBUG:netbox.denormalized:Registering denormalized field <class 'dcim.models.cables.CableTermination'>._location
DEBUG:netbox.denormalized:Registering denormalized field <class 'ipam.models.ip.Prefix'>._site
DEBUG:netbox.denormalized:Registering denormalized field <class 'ipam.models.ip.Prefix'>._location
DEBUG:netbox.webhooks:Registered webhook callback netbox.tests.dummy_plugin.webhook_callbacks.set_context
DEBUG:netbox.denormalized:Registering denormalized field <class 'circuits.models.circuits.CircuitTermination'>._site
DEBUG:netbox.denormalized:Registering denormalized field <class 'circuits.models.circuits.CircuitTermination'>._location
DEBUG:netbox.denormalized:Registering denormalized field <class 'dcim.models.cables.CableTermination'>._device
DEBUG:netbox.denormalized:Registering denormalized field <class 'dcim.models.cables.CableTermination'>._rack
DEBUG:netbox.denormalized:Registering denormalized field <class 'dcim.models.cables.CableTermination'>._location
DEBUG:netbox.denormalized:Registering denormalized field <class 'ipam.models.ip.Prefix'>._site
DEBUG:netbox.denormalized:Registering denormalized field <class 'ipam.models.ip.Prefix'>._location
DEBUG:netbox.webhooks:Registered webhook callback netbox.tests.dummy_plugin.webhook_callbacks.set_context
DEBUG:netbox.denormalized:Registering denormalized field <class 'circuits.models.circuits.CircuitTermination'>._site
DEBUG:netbox.denormalized:Registering denormalized field <class 'circuits.models.circuits.CircuitTermination'>._location
DEBUG:netbox.denormalized:Registering denormalized field <class 'dcim.models.cables.CableTermination'>._device
DEBUG:netbox.denormalized:Registering denormalized field <class 'dcim.models.cables.CableTermination'>._rack
DEBUG:netbox.denormalized:Registering denormalized field <class 'dcim.models.cables.CableTermination'>._location
DEBUG:netbox.denormalized:Registering denormalized field <class 'ipam.models.ip.Prefix'>._site
DEBUG:netbox.denormalized:Registering denormalized field <class 'ipam.models.ip.Prefix'>._location
DEBUG:netbox.denormalized:Registering denormalized field <class 'circuits.models.circuits.CircuitTermination'>._site
DEBUG:netbox.denormalized:Registering denormalized field <class 'circuits.models.circuits.CircuitTermination'>._location
DEBUG:netbox.denormalized:Registering denormalized field <class 'dcim.models.cables.CableTermination'>._device
DEBUG:netbox.denormalized:Registering denormalized field <class 'dcim.models.cables.CableTermination'>._rack
DEBUG:netbox.denormalized:Registering denormalized field <class 'dcim.models.cables.CableTermination'>._location
DEBUG:netbox.denormalized:Registering denormalized field <class 'ipam.models.ip.Prefix'>._site
DEBUG:netbox.denormalized:Registering denormalized field <class 'ipam.models.ip.Prefix'>._location
DEBUG:netbox.denormalized:Registering denormalized field <class 'circuits.models.circuits.CircuitTermination'>._site
DEBUG:netbox.denormalized:Registering denormalized field <class 'circuits.models.circuits.CircuitTermination'>._location
DEBUG:netbox.denormalized:Registering denormalized field <class 'dcim.models.cables.CableTermination'>._device
DEBUG:netbox.denormalized:Registering denormalized field <class 'dcim.models.cables.CableTermination'>._rack
DEBUG:netbox.denormalized:Registering denormalized field <class 'dcim.models.cables.CableTermination'>._location
DEBUG:netbox.denormalized:Registering denormalized field <class 'ipam.models.ip.Prefix'>._site
DEBUG:netbox.denormalized:Registering denormalized field <class 'ipam.models.ip.Prefix'>._location
DEBUG:netbox.webhooks:Registered webhook callback netbox.tests.dummy_plugin.webhook_callbacks.set_context
DEBUG:netbox.denormalized:Registering denormalized field <class 'circuits.models.circuits.CircuitTermination'>._site
DEBUG:netbox.denormalized:Registering denormalized field <class 'circuits.models.circuits.CircuitTermination'>._location
DEBUG:netbox.denormalized:Registering denormalized field <class 'dcim.models.cables.CableTermination'>._device
DEBUG:netbox.denormalized:Registering denormalized field <class 'dcim.models.cables.CableTermination'>._rack
DEBUG:netbox.denormalized:Registering denormalized field <class 'dcim.models.cables.CableTermination'>._location
DEBUG:netbox.denormalized:Registering denormalized field <class 'ipam.models.ip.Prefix'>._site
DEBUG:netbox.denormalized:Registering denormalized field <class 'ipam.models.ip.Prefix'>._location
DEBUG:netbox.webhooks:Registered webhook callback netbox.tests.dummy_plugin.webhook_callbacks.set_context
DEBUG:netbox.denormalized:Registering denormalized field <class 'circuits.models.circuits.CircuitTermination'>._site
DEBUG:netbox.denormalized:Registering denormalized field <class 'circuits.models.circuits.CircuitTermination'>._location
DEBUG:netbox.denormalized:Registering denormalized field <class 'dcim.models.cables.CableTermination'>._device
DEBUG:netbox.denormalized:Registering denormalized field <class 'dcim.models.cables.CableTermination'>._rack
DEBUG:netbox.denormalized:Registering denormalized field <class 'dcim.models.cables.CableTermination'>._location
DEBUG:netbox.denormalized:Registering denormalized field <class 'ipam.models.ip.Prefix'>._site
DEBUG:netbox.denormalized:Registering denormalized field <class 'ipam.models.ip.Prefix'>._location
DEBUG:netbox.webhooks:Registered webhook callback netbox.tests.dummy_plugin.webhook_callbacks.set_context
DEBUG:netbox.denormalized:Registering denormalized field <class 'circuits.models.circuits.CircuitTermination'>._site
DEBUG:netbox.denormalized:Registering denormalized field <class 'circuits.models.circuits.CircuitTermination'>._location
DEBUG:netbox.denormalized:Registering denormalized field <class 'dcim.models.cables.CableTermination'>._device
DEBUG:netbox.denormalized:Registering denormalized field <class 'dcim.models.cables.CableTermination'>._rack
DEBUG:netbox.denormalized:Registering denormalized field <class 'dcim.models.cables.CableTermination'>._location
DEBUG:netbox.denormalized:Registering denormalized field <class 'ipam.models.ip.Prefix'>._site
DEBUG:netbox.denormalized:Registering denormalized field <class 'ipam.models.ip.Prefix'>._location
DEBUG:netbox.webhooks:Registered webhook callback netbox.tests.dummy_plugin.webhook_callbacks.set_context
DEBUG:netbox.denormalized:Registering denormalized field <class 'circuits.models.circuits.CircuitTermination'>._site
DEBUG:netbox.denormalized:Registering denormalized field <class 'circuits.models.circuits.CircuitTermination'>._location
DEBUG:netbox.denormalized:Registering denormalized field <class 'dcim.models.cables.CableTermination'>._device
DEBUG:netbox.denormalized:Registering denormalized field <class 'dcim.models.cables.CableTermination'>._rack
DEBUG:netbox.denormalized:Registering denormalized field <class 'dcim.models.cables.CableTermination'>._location
DEBUG:netbox.denormalized:Registering denormalized field <class 'ipam.models.ip.Prefix'>._site
DEBUG:netbox.denormalized:Registering denormalized field <class 'ipam.models.ip.Prefix'>._location
DEBUG:netbox.denormalized:Registering denormalized field <class 'circuits.models.circuits.CircuitTermination'>._site
DEBUG:netbox.denormalized:Registering denormalized field <class 'circuits.models.circuits.CircuitTermination'>._location
DEBUG:netbox.denormalized:Registering denormalized field <class 'dcim.models.cables.CableTermination'>._device
DEBUG:netbox.denormalized:Registering denormalized field <class 'dcim.models.cables.CableTermination'>._rack
DEBUG:netbox.denormalized:Registering denormalized field <class 'dcim.models.cables.CableTermination'>._location
DEBUG:netbox.denormalized:Registering denormalized field <class 'ipam.models.ip.Prefix'>._site
DEBUG:netbox.denormalized:Registering denormalized field <class 'ipam.models.ip.Prefix'>._location
DEBUG:netbox.webhooks:Registered webhook callback netbox.tests.dummy_plugin.webhook_callbacks.set_context
DEBUG:netbox.denormalized:Registering denormalized field <class 'circuits.models.circuits.CircuitTermination'>._site
DEBUG:netbox.denormalized:Registering denormalized field <class 'circuits.models.circuits.CircuitTermination'>._location
DEBUG:netbox.denormalized:Registering denormalized field <class 'dcim.models.cables.CableTermination'>._device
DEBUG:netbox.denormalized:Registering denormalized field <class 'dcim.models.cables.CableTermination'>._rack
DEBUG:netbox.denormalized:Registering denormalized field <class 'dcim.models.cables.CableTermination'>._location
DEBUG:netbox.denormalized:Registering denormalized field <class 'ipam.models.ip.Prefix'>._site
DEBUG:netbox.denormalized:Registering denormalized field <class 'ipam.models.ip.Prefix'>._location
